\BOOKMARK [2][-]{section*.1}{\376\377\000L\000a\000n\000g\000u\000a\000g\000e\000\040\000E\000v\000o\000l\000u\000t\000i\000o\000n}{}% 1
\BOOKMARK [3][-]{section*.2}{\376\377\000B\000a\000c\000k\000\040\000I\000n\000\040\000T\000i\000m\000e}{section*.1}% 2
\BOOKMARK [3][-]{section*.3}{\376\377\000I\000n\000c\000r\000e\000a\000s\000i\000n\000g\000\040\000I\000n\000f\000o\000r\000m\000a\000t\000i\000o\000n}{section*.1}% 3
\BOOKMARK [2][-]{section*.4}{\376\377\000A\000\040\000T\000i\000m\000e\000l\000i\000n\000e\000\040\000P\000r\000o\000p\000o\000s\000a\000l}{}% 4
\BOOKMARK [3][-]{section*.5}{\376\377\000I\000n\000d\000i\000v\000i\000d\000u\000a\000l\000\040\000S\000o\000u\000n\000d\000s}{section*.4}% 5
\BOOKMARK [3][-]{section*.6}{\376\377\000S\000i\000n\000g\000l\000e\000\040\000C\000o\000n\000s\000o\000n\000a\000n\000t\000s}{section*.4}% 6
\BOOKMARK [3][-]{section*.7}{\376\377\000D\000o\000u\000b\000l\000e\000\040\000C\000o\000n\000s\000o\000n\000a\000n\000t\000\040\000S\000y\000l\000l\000a\000b\000l\000e\000s}{section*.4}% 7
\BOOKMARK [3][-]{section*.8}{\376\377\000V\000o\000w\000e\000l\000s}{section*.4}% 8
\BOOKMARK [3][-]{section*.9}{\376\377\000M\000o\000n\000o\000s\000y\000l\000l\000a\000b\000i\000c\000\040\000E\000x\000p\000a\000n\000s\000i\000o\000n}{section*.4}% 9
\BOOKMARK [3][-]{section*.10}{\376\377\000P\000o\000l\000y\000s\000y\000l\000l\000a\000b\000l\000e\000s}{section*.4}% 10
\BOOKMARK [3][-]{section*.11}{\376\377\000T\000i\000m\000e\000\040\000S\000c\000a\000l\000e\000s}{section*.4}% 11
\BOOKMARK [2][-]{section*.12}{\376\377\000A\000l\000t\000e\000r\000n\000a\000t\000i\000v\000e\000\040\000T\000i\000m\000e\000l\000i\000n\000e\000s}{}% 12
\BOOKMARK [3][-]{section*.13}{\376\377\000R\000e\000c\000e\000n\000t\000\040\000O\000r\000i\000g\000i\000n}{section*.12}% 13
\BOOKMARK [3][-]{section*.14}{\376\377\000M\000u\000c\000h\000\040\000E\000a\000r\000l\000i\000e\000r\000\040\000O\000r\000i\000g\000i\000n}{section*.12}% 14
\BOOKMARK [3][-]{section*.15}{\376\377\000E\000a\000r\000l\000i\000e\000r\000\040\000I\000n\000t\000r\000o\000d\000u\000c\000t\000i\000o\000n\000\040\000O\000f\000\040\000V\000o\000w\000e\000l\000s}{section*.12}% 15
\BOOKMARK [3][-]{section*.16}{\376\377\000E\000a\000r\000l\000i\000e\000r\000\040\000M\000o\000n\000o\000s\000y\000l\000l\000a\000b\000i\000c\000\040\000E\000x\000p\000a\000n\000s\000i\000o\000n}{section*.12}% 16
\BOOKMARK [3][-]{section*.17}{\376\377\000B\000r\000o\000a\000d\000e\000r\000\040\000M\000o\000n\000o\000s\000y\000l\000l\000a\000b\000i\000c\000\040\000E\000x\000p\000a\000n\000s\000i\000o\000n}{section*.12}% 17
\BOOKMARK [2][-]{section*.18}{\376\377\000L\000a\000n\000g\000u\000a\000g\000e\000\040\000A\000s\000\040\000A\000\040\000T\000o\000o\000l}{}% 18
\BOOKMARK [3][-]{section*.19}{\376\377\000I\000n\000f\000o\000r\000m\000a\000t\000i\000o\000n\000\040\000C\000o\000n\000t\000e\000n\000t}{section*.18}% 19
\BOOKMARK [3][-]{section*.20}{\376\377\000C\000o\000o\000r\000d\000i\000n\000a\000t\000i\000o\000n}{section*.18}% 20
\BOOKMARK [3][-]{section*.21}{\376\377\000D\000e\000s\000c\000r\000i\000p\000t\000i\000o\000n}{section*.18}% 21
\BOOKMARK [3][-]{section*.22}{\376\377\000T\000r\000a\000i\000n\000i\000n\000g}{section*.18}% 22
\BOOKMARK [3][-]{section*.23}{\376\377\000T\000e\000l\000l\000i\000n\000g\000\040\000S\000t\000o\000r\000i\000e\000s}{section*.18}% 23
\BOOKMARK [2][-]{section*.24}{\376\377\000S\000o\000u\000r\000c\000e\000s\000\040\000O\000f\000\040\000E\000v\000i\000d\000e\000n\000c\000e}{}% 24
\BOOKMARK [3][-]{section*.25}{\376\377\000P\000h\000y\000s\000i\000c\000a\000l\000\040\000R\000e\000m\000a\000i\000n\000s}{section*.24}% 25
\BOOKMARK [3][-]{section*.26}{\376\377\000M\000o\000d\000e\000r\000n\000\040\000L\000a\000n\000g\000u\000a\000g\000e\000s}{section*.24}% 26
\BOOKMARK [3][-]{section*.27}{\376\377\000L\000a\000n\000g\000u\000a\000g\000e\000\040\000R\000e\000c\000o\000n\000s\000t\000r\000u\000c\000t\000i\000o\000n\000s}{section*.24}% 27
\BOOKMARK [3][-]{section*.28}{\376\377\000G\000e\000n\000e\000t\000i\000c\000s}{section*.24}% 28
\BOOKMARK [3][-]{section*.29}{\376\377\000P\000r\000e\000v\000i\000o\000u\000s\000\040\000S\000t\000u\000d\000i\000e\000s}{section*.24}% 29
\BOOKMARK [2][-]{section*.30}{\376\377\000C\000o\000n\000c\000l\000u\000s\000i\000o\000n}{}% 30
\BOOKMARK [2][-]{section*.31}{\376\377\000A\000p\000p\000e\000n\000d\000i\000x}{}% 31
\BOOKMARK [3][-]{section*.32}{\376\377\000S\000i\000n\000g\000l\000e\000c\000o\000n}{section*.31}% 32
\BOOKMARK [3][-]{section*.37}{\376\377\000D\000o\000u\000b\000l\000e\000c\000o\000n}{section*.31}% 33
\BOOKMARK [2][-]{section*.43}{\376\377\000R\000e\000f\000e\000r\000e\000n\000c\000e\000s}{}% 34
